<?xml version="1.0" encoding="UTF-8"?>
<!-- Generated by org.testng.reporters.JUnitReportReporter -->
<testsuite hostname="LAPTOP-OKJ1VVIP" failures="0" tests="1" name="PackHRM.TesttstNG" time="21.967" errors="0" timestamp="2024-08-10T19:52:22 IST" skipped="0">
  <testcase classname="PackHRM.TesttstNG" name="Test1" time="21.967"/>
  <system-out/>
</testsuite> <!-- PackHRM.TesttstNG -->
